<?xml version="1.0" encoding="UTF-8"?>
<testsuite xmlns:xsi="http://www.w3.org/2001/XMLSchema-instance" xsi:noNamespaceSchemaLocation="https://maven.apache.org/surefire/maven-surefire-plugin/xsd/surefire-test-report-3.0.xsd" version="3.0" name="com.senacead.biblioteca.BibliotecaApplicationTests" time="4.294" tests="1" errors="0" skipped="0" failures="0">
  <properties>
[...]
</properties>
  <testcase name="contextLoads" classname="com.senacead.biblioteca.BibliotecaApplicationTests" time="0.654">
    <system-out><![CDATA[22:39:54.891 [main] INFO org.springframework.test.context.support.AnnotationConfigContextLoaderUtils -- Could not detect default configuration classes for test class [com.senacead.biblioteca.BibliotecaApplicationTests]: BibliotecaApplicationTests does not declare any static, non-private, non-final, nested classes annotated with @Configuration.
22:39:54.965 [main] INFO org.springframework.boot.test.context.SpringBootTestContextBootstrapper -- Found @SpringBootConfiguration com.senacead.biblioteca.BibliotecaApplication for test class com.senacead.biblioteca.BibliotecaApplicationTests

  .   ____          _            __ _ _
 /\\ / ___'_ __ _ _(_)_ __  __ _ \ \ \ \
( ( )\___ | '_ | '_| | '_ \/ _` | \ \ \ \
 \\/  ___)| |_)| | | | | || (_| |  ) ) ) )
  '  |____| .__|_| |_|_| |_\__, | / / / /
 =========|_|==============|___/=/_/_/_/
 :: Spring Boot ::                (v3.1.5)

2023-11-09T22:39:55.304-03:00  INFO 10324 --- [           main] c.s.b.BibliotecaApplicationTests         : Starting BibliotecaApplicationTests using Java 17.0.7 with PID 10324 (started by venec in D:\UC-TDS\UC14\MO 02\biblioteca)
2023-11-09T22:39:55.307-03:00  INFO 10324 --- [           main] c.s.b.BibliotecaApplicationTests         : No active profile set, falling back to 1 default profile: "default"
2023-11-09T22:39:55.875-03:00  INFO 10324 --- [           main] .s.d.r.c.RepositoryConfigurationDelegate : Bootstrapping Spring Data JPA repositories in DEFAULT mode.
2023-11-09T22:39:55.896-03:00  INFO 10324 --- [           main] .s.d.r.c.RepositoryConfigurationDelegate : Finished Spring Data repository scanning in 13 ms. Found 0 JPA repository interfaces.
2023-11-09T22:39:56.293-03:00  INFO 10324 --- [           main] o.hibernate.jpa.internal.util.LogHelper  : HHH000204: Processing PersistenceUnitInfo [name: default]
2023-11-09T22:39:56.341-03:00  INFO 10324 --- [           main] org.hibernate.Version                    : HHH000412: Hibernate ORM core version 6.2.13.Final
2023-11-09T22:39:56.343-03:00  INFO 10324 --- [           main] org.hibernate.cfg.Environment            : HHH000406: Using bytecode reflection optimizer
2023-11-09T22:39:56.682-03:00  INFO 10324 --- [           main] o.s.o.j.p.SpringPersistenceUnitInfo      : No LoadTimeWeaver setup: ignoring JPA class transformer
2023-11-09T22:39:56.701-03:00  INFO 10324 --- [           main] com.zaxxer.hikari.HikariDataSource       : HikariPool-1 - Starting...
2023-11-09T22:39:57.016-03:00  INFO 10324 --- [           main] com.zaxxer.hikari.pool.HikariPool        : HikariPool-1 - Added connection com.mysql.cj.jdbc.ConnectionImpl@3302035b
2023-11-09T22:39:57.020-03:00  INFO 10324 --- [           main] com.zaxxer.hikari.HikariDataSource       : HikariPool-1 - Start completed.
2023-11-09T22:39:57.065-03:00  WARN 10324 --- [           main] org.hibernate.orm.deprecation            : HHH90000025: MySQLDialect does not need to be specified explicitly using 'hibernate.dialect' (remove the property setting and it will be selected by default)
2023-11-09T22:39:57.818-03:00  INFO 10324 --- [           main] o.h.e.t.j.p.i.JtaPlatformInitiator       : HHH000489: No JTA platform available (set 'hibernate.transaction.jta.platform' to enable JTA platform integration)
2023-11-09T22:39:57.875-03:00  INFO 10324 --- [           main] j.LocalContainerEntityManagerFactoryBean : Initialized JPA EntityManagerFactory for persistence unit 'default'
2023-11-09T22:39:57.997-03:00  WARN 10324 --- [           main] JpaBaseConfiguration$JpaWebConfiguration : spring.jpa.open-in-view is enabled by default. Therefore, database queries may be performed during view rendering. Explicitly configure spring.jpa.open-in-view to disable this warning
2023-11-09T22:39:58.172-03:00  INFO 10324 --- [           main] o.s.b.a.w.s.WelcomePageHandlerMapping    : Adding welcome page template: index
2023-11-09T22:39:58.381-03:00  INFO 10324 --- [           main] c.s.b.BibliotecaApplicationTests         : Started BibliotecaApplicationTests in 3.278 seconds (process running for 4.04)
]]></system-out>
  </testcase>
</testsuite>